\BOOKMARK [1][-]{section.1}{\376\377\000I\000n\000t\000r\000o\000d\000u\000\347\000\343\000o}{}% 1
\BOOKMARK [1][-]{section.2}{\376\377\000H\000e\000a\000p\000s\000o\000r\000t}{}% 2
\BOOKMARK [2][-]{subsection.2.1}{\376\377\000A\000\040\000e\000s\000t\000r\000u\000t\000u\000r\000a\000\040\000d\000e\000\040\000d\000a\000d\000o\000s\000\040\000h\000e\000a\000p}{section.2}% 3
\BOOKMARK [2][-]{subsection.2.2}{\376\377\000M\000a\000x\000-\000H\000e\000a\000p\000i\000f\000y\000:\000\040\000r\000e\000s\000t\000a\000u\000r\000a\000n\000d\000o\000\040\000a\000\040\000p\000r\000o\000p\000r\000i\000e\000d\000a\000d\000e\000\040\000d\000e\000\040\000h\000e\000a\000p}{section.2}% 4
\BOOKMARK [2][-]{subsection.2.3}{\376\377\000C\000o\000n\000s\000t\000r\000u\000\347\000\343\000o\000\040\000d\000o\000\040\000h\000e\000a\000p\000:\000\040\000B\000u\000i\000l\000d\000-\000M\000a\000x\000-\000H\000e\000a\000p}{section.2}% 5
\BOOKMARK [2][-]{subsection.2.4}{\376\377\000O\000\040\000a\000l\000g\000o\000r\000i\000t\000m\000o\000\040\000H\000e\000a\000p\000s\000o\000r\000t}{section.2}% 6
\BOOKMARK [2][-]{subsection.2.5}{\376\377\000F\000i\000l\000a\000s\000\040\000d\000e\000\040\000p\000r\000i\000o\000r\000i\000d\000a\000d\000e}{section.2}% 7
\BOOKMARK [3][-]{subsubsection.2.5.1}{\376\377\000H\000e\000a\000p\000-\000M\000a\000x\000i\000m\000u\000m}{subsection.2.5}% 8
\BOOKMARK [3][-]{subsubsection.2.5.2}{\376\377\000H\000e\000a\000p\000-\000E\000x\000t\000r\000a\000c\000t\000-\000M\000a\000x}{subsection.2.5}% 9
\BOOKMARK [3][-]{subsubsection.2.5.3}{\376\377\000H\000e\000a\000p\000-\000I\000n\000c\000r\000e\000a\000s\000e\000-\000K\000e\000y}{subsection.2.5}% 10
\BOOKMARK [3][-]{subsubsection.2.5.4}{\376\377\000M\000a\000x\000-\000H\000e\000a\000p\000-\000I\000n\000s\000e\000r\000t}{subsection.2.5}% 11
\BOOKMARK [3][-]{subsubsection.2.5.5}{\376\377\000R\000e\000s\000u\000m\000o\000\040\000d\000a\000s\000\040\000o\000p\000e\000r\000a\000\347\000\365\000e\000s}{subsection.2.5}% 12
\BOOKMARK [3][-]{subsubsection.2.5.6}{\376\377\000A\000p\000l\000i\000c\000a\000\347\000\365\000e\000s}{subsection.2.5}% 13
\BOOKMARK [1][-]{section.3}{\376\377\000Q\000u\000i\000c\000k\000s\000o\000r\000t}{}% 14
\BOOKMARK [2][-]{subsection.3.1}{\376\377\000D\000e\000s\000c\000r\000i\000\347\000\343\000o}{section.3}% 15
\BOOKMARK [2][-]{subsection.3.2}{\376\377\000P\000a\000r\000t\000i\000t\000i\000o\000n\000:\000\040\000o\000\040\000n\000\372\000c\000l\000e\000o\000\040\000d\000o\000\040\000a\000l\000g\000o\000r\000i\000t\000m\000o}{section.3}% 16
\BOOKMARK [2][-]{subsection.3.3}{\376\377\000A\000n\000\341\000l\000i\000s\000e\000:\000\040\000p\000i\000o\000r\000\040\000c\000a\000s\000o}{section.3}% 17
\BOOKMARK [2][-]{subsection.3.4}{\376\377\000A\000n\000\341\000l\000i\000s\000e\000:\000\040\000m\000e\000l\000h\000o\000r\000\040\000c\000a\000s\000o\000\040\000e\000\040\000c\000a\000s\000o\000\040\000b\000a\000l\000a\000n\000c\000e\000a\000d\000o}{section.3}% 18
\BOOKMARK [2][-]{subsection.3.5}{\376\377\000Q\000u\000i\000c\000k\000s\000o\000r\000t\000\040\000a\000l\000e\000a\000t\000o\000r\000i\000z\000a\000d\000o}{section.3}% 19
\BOOKMARK [2][-]{subsection.3.6}{\376\377\000A\000n\000\341\000l\000i\000s\000e\000\040\000d\000o\000\040\000c\000a\000s\000o\000\040\000m\000\351\000d\000i\000o}{section.3}% 20
\BOOKMARK [1][-]{section.4}{\376\377\000C\000o\000m\000p\000a\000r\000a\000\347\000\343\000o\000\040\000c\000o\000m\000\040\000o\000s\000\040\000o\000u\000t\000r\000o\000s\000\040\000m\000\351\000t\000o\000d\000o\000s}{}% 21
\BOOKMARK [2][-]{subsection.4.1}{\376\377\000P\000a\000n\000o\000r\000a\000m\000a}{section.4}% 22
\BOOKMARK [2][-]{subsection.4.2}{\376\377\000Q\000u\000a\000n\000d\000o\000\040\000u\000s\000a\000r\000\040\000c\000a\000d\000a\000\040\000u\000m\000?}{section.4}% 23
\BOOKMARK [2][-]{subsection.4.3}{\376\377\000D\000i\000a\000g\000r\000a\000m\000a\000\040\000d\000a\000s\000\040\000r\000e\000c\000o\000r\000r\000\352\000n\000c\000i\000a\000s}{section.4}% 24
\BOOKMARK [1][-]{section.5}{\376\377\000E\000x\000e\000r\000c\000\355\000c\000i\000o\000s\000\040\000s\000u\000g\000e\000r\000i\000d\000o\000s\000\040\000d\000o\000\040\000C\000L\000R\000S}{}% 25
