c:\users\rcpsi\source\repos\pcc104_designandanalysisofalgorithms\2022-2\designandanalysisofalgorithms\x64\debug\vc143.pdb
c:\users\rcpsi\source\repos\pcc104_designandanalysisofalgorithms\2022-2\designandanalysisofalgorithms\x64\debug\vc143.idb
c:\users\rcpsi\source\repos\pcc104_designandanalysisofalgorithms\2022-2\designandanalysisofalgorithms\x64\debug\util.obj
c:\users\rcpsi\source\repos\pcc104_designandanalysisofalgorithms\2022-2\designandanalysisofalgorithms\x64\debug\student.obj
c:\users\rcpsi\source\repos\pcc104_designandanalysisofalgorithms\2022-2\designandanalysisofalgorithms\x64\debug\sorting.obj
c:\users\rcpsi\source\repos\pcc104_designandanalysisofalgorithms\2022-2\designandanalysisofalgorithms\x64\debug\search.obj
c:\users\rcpsi\source\repos\pcc104_designandanalysisofalgorithms\2022-2\designandanalysisofalgorithms\x64\debug\main.obj
c:\users\rcpsi\source\repos\pcc104_designandanalysisofalgorithms\2022-2\designandanalysisofalgorithms\x64\debug\closestpair.obj
c:\users\rcpsi\source\repos\pcc104_designandanalysisofalgorithms\2022-2\designandanalysisofalgorithms\x64\debug\binarysearchtree.obj
c:\users\rcpsi\source\repos\pcc104_designandanalysisofalgorithms\2022-2\designandanalysisofalgorithms\x64\debug\fakecoin.obj
c:\users\rcpsi\source\repos\pcc104_designandanalysisofalgorithms\2022-2\designandanalysisofalgorithms\x64\debug\binarysearch.obj
c:\users\rcpsi\source\repos\pcc104_designandanalysisofalgorithms\2022-2\designandanalysisofalgorithms\x64\debug\designandanalysisofalgorithms.exe
c:\users\rcpsi\source\repos\pcc104_designandanalysisofalgorithms\2022-2\designandanalysisofalgorithms\x64\debug\designandanalysisofalgorithms.ilk
c:\users\rcpsi\source\repos\pcc104_designandanalysisofalgorithms\2022-2\designandanalysisofalgorithms\x64\debug\designandanalysisofalgorithms.pdb
c:\users\rcpsi\source\repos\pcc104_designandanalysisofalgorithms\2022-2\designandanalysisofalgorithms\x64\debug\binarysearch.obj.enc
c:\users\rcpsi\source\repos\pcc104_designandanalysisofalgorithms\2022-2\designandanalysisofalgorithms\x64\debug\designan.71b3396d.tlog\cl.command.1.tlog
c:\users\rcpsi\source\repos\pcc104_designandanalysisofalgorithms\2022-2\designandanalysisofalgorithms\x64\debug\designan.71b3396d.tlog\cl.read.1.tlog
c:\users\rcpsi\source\repos\pcc104_designandanalysisofalgorithms\2022-2\designandanalysisofalgorithms\x64\debug\designan.71b3396d.tlog\cl.write.1.tlog
c:\users\rcpsi\source\repos\pcc104_designandanalysisofalgorithms\2022-2\designandanalysisofalgorithms\x64\debug\designan.71b3396d.tlog\link.command.1.tlog
c:\users\rcpsi\source\repos\pcc104_designandanalysisofalgorithms\2022-2\designandanalysisofalgorithms\x64\debug\designan.71b3396d.tlog\link.read.1.tlog
c:\users\rcpsi\source\repos\pcc104_designandanalysisofalgorithms\2022-2\designandanalysisofalgorithms\x64\debug\designan.71b3396d.tlog\link.write.1.tlog
