\BOOKMARK [1][-]{section.1}{\376\377\000I\000n\000t\000r\000o\000d\000u\000\347\000\343\000o}{}% 1
\BOOKMARK [2][-]{subsection.1.1}{\376\377\000E\000x\000e\000m\000p\000l\000o\000\040\000c\000l\000\341\000s\000s\000i\000c\000o\000\040\000-\000\040\000M\000e\000r\000g\000e\000S\000o\000r\000t}{section.1}% 2
\BOOKMARK [2][-]{subsection.1.2}{\376\377\000A\000n\000\341\000l\000i\000s\000e\000\040\000d\000e\000\040\000C\000o\000m\000p\000l\000e\000x\000i\000d\000a\000d\000e\000\040\000d\000o\000\040\000P\000r\000o\000c\000e\000d\000i\000m\000e\000n\000t\000o\000\040\000M\000e\000r\000g\000e}{section.1}% 3
\BOOKMARK [1][-]{section.2}{\376\377\000R\000e\000c\000o\000r\000r\000\352\000n\000c\000i\000a\000s}{}% 4
\BOOKMARK [1][-]{section.3}{\376\377\000I\000n\000d\000u\000\347\000\343\000o\000\040\000M\000a\000t\000e\000m\000\341\000t\000i\000c\000a}{}% 5
\BOOKMARK [2][-]{subsection.3.1}{\376\377\000E\000s\000t\000r\000u\000t\000u\000r\000a\000\040\000d\000a\000\040\000P\000r\000o\000v\000a\000\040\000p\000o\000r\000\040\000I\000n\000d\000u\000\347\000\343\000o}{section.3}% 6
\BOOKMARK [2][-]{subsection.3.2}{\376\377\000E\000x\000e\000m\000p\000l\000o\000:\000\040\000S\000o\000m\000a\000\040\000d\000o\000s\000\040\000P\000r\000i\000m\000e\000i\000r\000o\000s\000\040\000n\000\040\000N\000a\000t\000u\000r\000a\000i\000s}{section.3}% 7
\BOOKMARK [2][-]{subsection.3.3}{\376\377\000I\000n\000d\000u\000\347\000\343\000o\000\040\000F\000o\000r\000t\000e}{section.3}% 8
\BOOKMARK [2][-]{subsection.3.4}{\376\377\000E\000x\000e\000m\000p\000l\000o\000\040\000c\000o\000m\000\040\000I\000n\000d\000u\000\347\000\343\000o\000\040\000F\000o\000r\000t\000e}{section.3}% 9
\BOOKMARK [2][-]{subsection.3.5}{\376\377\000I\000n\000d\000u\000\347\000\343\000o\000\040\000e\000\040\000R\000e\000c\000o\000r\000r\000\352\000n\000c\000i\000a\000s}{section.3}% 10
\BOOKMARK [1][-]{section.4}{\376\377\000M\000\351\000t\000o\000d\000o\000\040\000d\000e\000\040\000S\000u\000b\000s\000t\000i\000t\000u\000i\000\347\000\343\000o}{}% 11
\BOOKMARK [2][-]{subsection.4.1}{\376\377\000E\000s\000t\000r\000u\000t\000u\000r\000a\000\040\000d\000o\000\040\000M\000\351\000t\000o\000d\000o}{section.4}% 12
\BOOKMARK [2][-]{subsection.4.2}{\376\377\000E\000x\000e\000m\000p\000l\000o\000:\000\040\000R\000e\000c\000o\000r\000r\000\352\000n\000c\000i\000a\000\040\000d\000o\000\040\000M\000e\000r\000g\000e\000-\000S\000o\000r\000t}{section.4}% 13
\BOOKMARK [2][-]{subsection.4.3}{\376\377\000F\000l\000e\000x\000i\000b\000i\000l\000i\000d\000a\000d\000e\000\040\000n\000a\000\040\000E\000s\000c\000o\000l\000h\000a\000\040\000d\000o\000\040\000C\000a\000s\000o\000\040\000B\000a\000s\000e}{section.4}% 14
\BOOKMARK [3][-]{subsubsection.4.3.1}{\376\377\000P\000o\000r\000\040\000q\000u\000e\000\040\000a\000\040\000F\000a\000l\000h\000a\000\040\000e\000m\000\040\000n\000\040\000=\000\040\0001\000\040\000N\000\343\000o\000\040\000\311\000\040\000P\000r\000o\000b\000l\000e\000m\000a}{subsection.4.3}% 15
\BOOKMARK [3][-]{subsubsection.4.3.2}{\376\377\000A\000\040\000J\000u\000s\000t\000i\000f\000i\000c\000a\000t\000i\000v\000a\000\040\000F\000o\000r\000m\000a\000l}{subsection.4.3}% 16
\BOOKMARK [3][-]{subsubsection.4.3.3}{\376\377\000A\000\040\000O\000b\000s\000e\000r\000v\000a\000\347\000\343\000o\000\040\000d\000o\000\040\000C\000o\000r\000m\000e\000n}{subsection.4.3}% 17
\BOOKMARK [2][-]{subsection.4.4}{\376\377\000A\000r\000m\000a\000d\000i\000l\000h\000a\000s\000\040\000C\000o\000m\000u\000n\000s}{section.4}% 18
\BOOKMARK [2][-]{subsection.4.5}{\376\377\000C\000o\000m\000o\000\040\000O\000b\000t\000e\000r\000\040\000B\000o\000a\000s\000\040\000C\000o\000n\000j\000e\000c\000t\000u\000r\000a\000s}{section.4}% 19
\BOOKMARK [1][-]{section.5}{\376\377\000M\000\351\000t\000o\000d\000o\000\040\000d\000a\000\040\000\301\000r\000v\000o\000r\000e\000\040\000d\000e\000\040\000R\000e\000c\000u\000r\000s\000\343\000o}{}% 20
\BOOKMARK [2][-]{subsection.5.1}{\376\377\000C\000o\000n\000s\000t\000r\000u\000\347\000\343\000o\000\040\000d\000a\000\040\000\301\000r\000v\000o\000r\000e}{section.5}% 21
\BOOKMARK [2][-]{subsection.5.2}{\376\377\000E\000x\000e\000m\000p\000l\000o\000:\000\040\000R\000e\000c\000o\000r\000r\000\352\000n\000c\000i\000a\000\040\000d\000o\000\040\000M\000e\000r\000g\000e\000-\000S\000o\000r\000t}{section.5}% 22
\BOOKMARK [2][-]{subsection.5.3}{\376\377\000E\000x\000e\000m\000p\000l\000o\000:\000\040\000R\000e\000c\000o\000r\000r\000\352\000n\000c\000i\000a\000\040\000c\000o\000m\000\040\000S\000u\000b\000p\000r\000o\000b\000l\000e\000m\000a\000s\000\040\000D\000e\000s\000i\000g\000u\000a\000i\000s}{section.5}% 23
\BOOKMARK [2][-]{subsection.5.4}{\376\377\000E\000x\000e\000m\000p\000l\000o\000:\000\040\000C\000u\000s\000t\000o\000\040\000G\000e\000o\000m\000\351\000t\000r\000i\000c\000o\000\040\000p\000o\000r\000\040\000N\000\355\000v\000e\000l}{section.5}% 24
\BOOKMARK [2][-]{subsection.5.5}{\376\377\000\301\000r\000v\000o\000r\000e\000\040\000d\000e\000\040\000R\000e\000c\000u\000r\000s\000\343\000o\000\040\000c\000o\000m\000o\000\040\000C\000o\000n\000j\000e\000c\000t\000u\000r\000a}{section.5}% 25
\BOOKMARK [1][-]{section.6}{\376\377\000M\000\351\000t\000o\000d\000o\000\040\000d\000a\000\040\000\301\000r\000v\000o\000r\000e\000\040\000d\000e\000\040\000R\000e\000c\000u\000r\000s\000\343\000o}{}% 26
\BOOKMARK [2][-]{subsection.6.1}{\376\377\000C\000o\000n\000s\000t\000r\000u\000\347\000\343\000o\000\040\000d\000a\000\040\000\301\000r\000v\000o\000r\000e}{section.6}% 27
\BOOKMARK [2][-]{subsection.6.2}{\376\377\000E\000x\000e\000m\000p\000l\000o\000:\000\040\000R\000e\000c\000o\000r\000r\000\352\000n\000c\000i\000a\000\040\000d\000o\000\040\000M\000e\000r\000g\000e\000-\000S\000o\000r\000t}{section.6}% 28
\BOOKMARK [2][-]{subsection.6.3}{\376\377\000E\000x\000e\000m\000p\000l\000o\000:\000\040\000R\000e\000c\000o\000r\000r\000\352\000n\000c\000i\000a\000\040\000c\000o\000m\000\040\000S\000u\000b\000p\000r\000o\000b\000l\000e\000m\000a\000s\000\040\000D\000e\000s\000i\000g\000u\000a\000i\000s}{section.6}% 29
\BOOKMARK [2][-]{subsection.6.4}{\376\377\000E\000x\000e\000m\000p\000l\000o\000:\000\040\000C\000u\000s\000t\000o\000\040\000G\000e\000o\000m\000\351\000t\000r\000i\000c\000o\000\040\000p\000o\000r\000\040\000N\000\355\000v\000e\000l}{section.6}% 30
\BOOKMARK [2][-]{subsection.6.5}{\376\377\000\301\000r\000v\000o\000r\000e\000\040\000d\000e\000\040\000R\000e\000c\000u\000r\000s\000\343\000o\000\040\000c\000o\000m\000o\000\040\000C\000o\000n\000j\000e\000c\000t\000u\000r\000a}{section.6}% 31
\BOOKMARK [1][-]{section.7}{\376\377\000M\000\351\000t\000o\000d\000o\000\040\000m\000e\000s\000t\000r\000e}{}% 32
